[2023-04-17T11:31:47] Correct model pipeline output format
[2023-04-17T17:07:12] Reorganize request validator structure
[2023-04-17T16:09:11] Correct logging output format
[2023-04-17T09:49:44] Fix failing test in logging
[2023-04-24T08:20:24] Bump batch inference dependencies
[2023-04-26T14:21:47] Reorganize request validator structure
[2023-04-26T08:40:26] Patch error handler validation bug
[2023-04-28T18:10:24] Enhance inference endpoint accuracy
[2023-05-10T16:01:13] Add unit tests for health check
[2023-05-24T08:33:27] Bump model pipeline dependencies
[2023-05-30T18:28:32] Fix edge case in error handler
[2023-05-30T13:39:43] Fix edge case in inference endpoint
[2023-05-30T18:04:20] Patch error handler validation bug
[2023-05-31T16:03:52] Bump model pipeline dependencies
[2023-06-07T09:26:42] Resolve issue with logging
[2023-06-13T11:28:35] Document rate limiter parameters
[2023-06-14T08:41:09] Optimize model pipeline pipeline
[2023-06-14T08:15:14] Add unit tests for inference endpoint
[2023-06-15T18:38:41] Resolve issue with request validator
[2023-06-16T08:53:48] Correct logging output format
[2023-06-23T09:14:46] Patch rate limiter validation bug
[2023-06-28T17:16:51] Add support for rate limiter
[2023-06-28T13:17:49] Fix edge case in request validator
[2023-06-29T10:17:56] Add error handler module
[2023-07-03T12:57:28] Patch response schema validation bug
[2023-07-05T13:46:38] Add inline comments to model pipeline
[2023-07-12T13:48:31] Add docstrings to auth middleware
[2023-07-12T09:58:05] Resolve issue with response schema
[2023-07-13T13:59:45] Update README with inference endpoint docs
[2023-07-27T18:25:59] Refactor request validator for clarity
[2023-07-27T08:25:42] Fix logging memory leak
[2023-08-01T18:15:10] Create health check handler
[2023-08-01T13:57:39] Improve inference endpoint performance
[2023-08-01T10:57:45] Update logging logic
[2023-08-01T13:09:00] Fix edge case in response schema
[2023-08-11T14:07:29] Increase test coverage for error handler
[2023-08-16T11:43:03] Add unit tests for response schema
